<?xml version="1.0" encoding="UTF-8"?>
<!-- Generated by org.testng.reporters.JUnitXMLReporter -->
<testsuite ignored="8" hostname="DESKTOP-FQU3CIN" failures="1" tests="1" name="Default test" time="49.082" errors="0" timestamp="2023-10-11T18:43:30 IST">
  <testcase classname="testCase.TC01" name="Filter" time="35.358">
    <failure type="java.lang.AssertionError" message="The following asserts failed:
	expected [Target : Expect More. Pay Less.] but found [Womens Shoes : Target]">
      <![CDATA[java.lang.AssertionError: The following asserts failed:
expected [Target : Expect More. Pay Less.] but found [Womens Shoes : Target]
at org.testng.asserts.SoftAssert.assertAll(SoftAssert.java:46)
at org.testng.asserts.SoftAssert.assertAll(SoftAssert.java:30)
at pages.PricePage.price(PricePage.java:46)
at testCase.TC01.Filter(TC01.java:127)
at java.base/jdk.internal.reflect.NativeMethodAccessorImpl.invoke0(Native Method)
at java.base/jdk.internal.reflect.NativeMethodAccessorImpl.invoke(NativeMethodAccessorImpl.java:77)
at java.base/jdk.internal.reflect.DelegatingMethodAccessorImpl.invoke(DelegatingMethodAccessorImpl.java:43)
at java.base/java.lang.reflect.Method.invoke(Method.java:568)
at org.testng.internal.invokers.MethodInvocationHelper.invokeMethod(MethodInvocationHelper.java:139)
at org.testng.internal.invokers.TestInvoker.invokeMethod(TestInvoker.java:664)
at org.testng.internal.invokers.TestInvoker.invokeTestMethod(TestInvoker.java:227)
at org.testng.internal.invokers.MethodRunner.runInSequence(MethodRunner.java:50)
at org.testng.internal.invokers.TestInvoker$MethodInvocationAgent.invoke(TestInvoker.java:957)
at org.testng.internal.invokers.TestInvoker.invokeTestMethods(TestInvoker.java:200)
at org.testng.internal.invokers.TestMethodWorker.invokeTestMethods(TestMethodWorker.java:148)
at org.testng.internal.invokers.TestMethodWorker.run(TestMethodWorker.java:128)
at java.base/java.util.ArrayList.forEach(ArrayList.java:1511)
at org.testng.TestRunner.privateRun(TestRunner.java:848)
at org.testng.TestRunner.run(TestRunner.java:621)
at org.testng.SuiteRunner.runTest(SuiteRunner.java:443)
at org.testng.SuiteRunner.runSequentially(SuiteRunner.java:437)
at org.testng.SuiteRunner.privateRun(SuiteRunner.java:397)
at org.testng.SuiteRunner.run(SuiteRunner.java:336)
at org.testng.SuiteRunnerWorker.runSuite(SuiteRunnerWorker.java:52)
at org.testng.SuiteRunnerWorker.run(SuiteRunnerWorker.java:95)
at org.testng.TestNG.runSuitesSequentially(TestNG.java:1280)
at org.testng.TestNG.runSuitesLocally(TestNG.java:1200)
at org.testng.TestNG.runSuites(TestNG.java:1114)
at org.testng.TestNG.run(TestNG.java:1082)
at org.testng.remote.AbstractRemoteTestNG.run(AbstractRemoteTestNG.java:115)
at org.testng.remote.RemoteTestNG.initAndRun(RemoteTestNG.java:251)
at org.testng.remote.RemoteTestNG.main(RemoteTestNG.java:77)
]]>
    </failure>
  </testcase> <!-- Filter -->
  <testcase classname="testCase.TC01" name="Delivery" time="0.0">
    <ignored/>
  </testcase> <!-- Delivery -->
  <testcase classname="testCase.TC01" name="registery_btn" time="0.0">
    <ignored/>
  </testcase> <!-- registery_btn -->
  <testcase classname="testCase.TC01" name="cart" time="0.0">
    <ignored/>
  </testcase> <!-- cart -->
  <testcase classname="testCase.TC01" name="verifyLogin" time="0.0">
    <ignored/>
  </testcase> <!-- verifyLogin -->
  <testcase classname="testCase.TC01" name="search" time="0.0">
    <ignored/>
  </testcase> <!-- search -->
  <testcase classname="testCase.TC01" name="favo_btn" time="0.0">
    <ignored/>
  </testcase> <!-- favo_btn -->
  <testcase classname="testCase.TC01" name="menu_btn" time="0.0">
    <ignored/>
  </testcase> <!-- menu_btn -->
  <testcase classname="testCase.TC01" name="Scrolldown" time="0.0">
    <ignored/>
  </testcase> <!-- Scrolldown -->
</testsuite> <!-- Default test -->
